debug.srp created srp.log for error report...
runtime exception handler called
exception is: [31;49mexpected String or Array[39;49m
frame variables: {seq: [0, 1], ratio: [[-1, 0], [-1, 0], [-1, 0], [-1, 0], [-1, 0], [-1, 0], [-1, 0], [-1, 0], [-1, 0], [-1, 0], [-1, 0], [-1, 0], [-1, 0]], numNotesInChord: 3, i: nil, j: nil}
frame pc: 123
frame method: makeRatioPitch
frame class: nil

Debugger invoked.
-----------------------------------------------------
Method [32;49m<global>[39;49m in class [34;49mnil[39;49m
-----------------------------------------------------
Method [32;49m<callin_method>[39;49m in class [34;49mnil[39;49m
-----------------------------------------------------
Method [32;49m<immediate command 0>[39;49m in class [34;49mnil[39;49m, char 19530 in file 
    /Users/kososuzuki/Desktop/bass_generator/player/playerdemo.srp
 531: if runTest() == false: print "error"
                ^
-----------------------------------------------------
Method [32;49mrunTest[39;49m in class [34;49mnil[39;49m, char 18627 in file 
    /Users/kososuzuki/Desktop/bass_generator/player/playerdemo.srp
 492:     makeRatioPitch([0, 1], pitchRatio, 3)
                        ^
-----------------------------------------------------
Method [32;49mmakeRatioPitch[39;49m in class [34;49mnil[39;49m, char 4583 in file 
    /Users/kososuzuki/Desktop/bass_generator/player/playerdemo.srp
Frame variables: {'seq': [0, 1], 'ratio': [[-1, 0], [-1, 0], [-1, 0], [-1, 0], [-1, 0], [-1, 0], [-1, 0], [-1, 0], [-1, 0], [-1, 0], [-1, 0], [-1, 0], [-1, 0]], 'numNotesInChord': 3, 'i': nil, 'j': nil}
 154:         prevNote = seq[len(seq) - 1][0]
                                          ^
[31;49mexpected String or Array[39;49m
